2020-05-10 05:36:39 [scrapy.utils.log] INFO: Scrapy 2.1.0 started (bot: shopifyproject)
2020-05-10 05:36:39 [scrapy.utils.log] INFO: Versions: lxml 4.5.0.0, libxml2 2.9.10, cssselect 1.1.0, parsel 1.5.2, w3lib 1.21.0, Twisted 20.3.0, Python 3.7.7 (default, Mar 26 2020, 15:48:22) - [GCC 7.3.0], pyOpenSSL 19.1.0 (OpenSSL 1.1.1g  21 Apr 2020), cryptography 2.9.2, Platform Linux-3.10.0-1062.18.1.el7.x86_64-x86_64-with-centos-7.7.1908-Core
2020-05-10 05:36:39 [scrapy.utils.log] DEBUG: Using reactor: twisted.internet.epollreactor.EPollReactor
2020-05-10 05:36:39 [scrapy.crawler] INFO: Overridden settings:
{'BOT_NAME': 'shopifyproject',
 'CONCURRENT_REQUESTS': 100,
 'CONCURRENT_REQUESTS_PER_DOMAIN': 100,
 'CONCURRENT_REQUESTS_PER_IP': 100,
 'COOKIES_ENABLED': False,
 'DOWNLOAD_DELAY': 1,
 'DOWNLOAD_TIMEOUT': 50,
 'LOG_FILE': 'logs/shopify_2020_05_10_05_05.log',
 'NEWSPIDER_MODULE': 'shopifyproject.spiders',
 'RETRY_TIMES': 5,
 'SPIDER_MODULES': ['shopifyproject.spiders']}
2020-05-10 05:36:39 [scrapy.extensions.telnet] INFO: Telnet Password: 85aba8f999f9bb2f
2020-05-10 05:36:39 [scrapy.middleware] INFO: Enabled extensions:
['scrapy.extensions.corestats.CoreStats',
 'scrapy.extensions.telnet.TelnetConsole',
 'scrapy.extensions.memusage.MemoryUsage',
 'scrapy.extensions.feedexport.FeedExporter',
 'scrapy.extensions.logstats.LogStats']
2020-05-10 05:36:39 [scrapy.middleware] INFO: Enabled downloader middlewares:
['scrapy.downloadermiddlewares.httpauth.HttpAuthMiddleware',
 'scrapy.downloadermiddlewares.downloadtimeout.DownloadTimeoutMiddleware',
 'scrapy.downloadermiddlewares.defaultheaders.DefaultHeadersMiddleware',
 'scrapy.downloadermiddlewares.useragent.UserAgentMiddleware',
 'scrapy.downloadermiddlewares.retry.RetryMiddleware',
 'scrapy.downloadermiddlewares.redirect.MetaRefreshMiddleware',
 'scrapy.downloadermiddlewares.httpcompression.HttpCompressionMiddleware',
 'scrapy.downloadermiddlewares.redirect.RedirectMiddleware',
 'scrapy.downloadermiddlewares.httpproxy.HttpProxyMiddleware',
 'scrapy.downloadermiddlewares.stats.DownloaderStats']
2020-05-10 05:36:39 [scrapy.middleware] INFO: Enabled spider middlewares:
['scrapy.spidermiddlewares.httperror.HttpErrorMiddleware',
 'scrapy.spidermiddlewares.offsite.OffsiteMiddleware',
 'scrapy.spidermiddlewares.referer.RefererMiddleware',
 'scrapy.spidermiddlewares.urllength.UrlLengthMiddleware',
 'scrapy.spidermiddlewares.depth.DepthMiddleware']
2020-05-10 05:36:39 [scrapy.middleware] INFO: Enabled item pipelines:
[]
2020-05-10 05:36:39 [scrapy.core.engine] INFO: Spider opened
2020-05-10 05:36:39 [scrapy.extensions.logstats] INFO: Crawled 0 pages (at 0 pages/min), scraped 0 items (at 0 items/min)
2020-05-10 05:36:39 [scrapy.extensions.telnet] INFO: Telnet console listening on 127.0.0.1:6023
2020-05-10 05:36:47 [scrapy.core.engine] DEBUG: Crawled (200) <GET https://extrabutterny.com/collections/all/products.json> (referer: None)
2020-05-10 05:36:48 [scrapy.core.engine] DEBUG: Crawled (200) <GET https://extrabutterny.com/products/adidas-by-pharrell-williams-mens-campus-fx8025.json> (referer: https://extrabutterny.com/collections/all/products.json)
2020-05-10 05:36:48 [scrapy.core.scraper] DEBUG: Scraped from <200 https://extrabutterny.com/products/adidas-by-pharrell-williams-mens-campus-fx8025.json>
{'image': 'https://cdn.shopify.com/s/files/1/0236/4333/products/FX8025-1.jpg?v=1584668853',
 'link': 'https://extrabutterny.com/products/adidas-by-pharrell-williams-mens-campus-fx8025',
 'price': '100.00',
 'sizes': '{"5": {"sku": "FX8025-5", "stock": 1, "price": "100.00"}, "6": '
          '{"sku": "FX8025-6", "stock": 1, "price": "100.00"}, "7": {"sku": '
          '"FX8025-7", "stock": 1, "price": "100.00"}, "7.5": {"sku": '
          '"FX8025-7.5", "stock": 1, "price": "100.00"}, "8": {"sku": '
          '"FX8025-8", "stock": 1, "price": "100.00"}, "8.5": {"sku": '
          '"FX8025-8.5", "stock": 1, "price": "100.00"}, "9": {"sku": '
          '"FX8025-9", "stock": 1, "price": "100.00"}, "9.5": {"sku": '
          '"FX8025-9.5", "stock": 1, "price": "100.00"}, "10": {"sku": '
          '"FX8025-10", "stock": 1, "price": "100.00"}, "10.5": {"sku": '
          '"FX8025-10.5", "stock": 1, "price": "100.00"}, "11": {"sku": '
          '"FX8025-11", "stock": 1, "price": "100.00"}, "11.5": {"sku": '
          '"FX8025-11.5", "stock": 1, "price": "100.00"}, "12": {"sku": '
          '"FX8025-12", "stock": 1, "price": "100.00"}, "13": {"sku": '
          '"FX8025-13", "stock": 1, "price": "100.00"}}',
 'stocks': 14,
 'title': 'Adidas by Pharrell Williams Mens Campus [FX8025]'}
2020-05-10 05:36:49 [scrapy.core.engine] DEBUG: Crawled (200) <GET https://extrabutterny.com/products/adidas-by-pharrell-williams-mens-0-to-60-fv3333.json> (referer: https://extrabutterny.com/collections/all/products.json)
2020-05-10 05:36:49 [scrapy.core.scraper] DEBUG: Scraped from <200 https://extrabutterny.com/products/adidas-by-pharrell-williams-mens-0-to-60-fv3333.json>
{'image': 'https://cdn.shopify.com/s/files/1/0236/4333/products/FV7333-1.jpg?v=1584668870',
 'link': 'https://extrabutterny.com/products/adidas-by-pharrell-williams-mens-0-to-60-fv3333',
 'price': '200.00',
 'sizes': '{"5": {"sku": "FV7333-5", "stock": 1, "price": "200.00"}, "6": '
          '{"sku": "FV7333-6", "stock": 1, "price": "200.00"}, "7": {"sku": '
          '"FV7333-7", "stock": 1, "price": "200.00"}, "7.5": {"sku": '
          '"FV7333-7.5", "stock": 1, "price": "200.00"}, "8": {"sku": '
          '"FV7333-8", "stock": 1, "price": "200.00"}, "8.5": {"sku": '
          '"FV7333-8.5", "stock": 1, "price": "200.00"}, "9": {"sku": '
          '"FV7333-9", "stock": 1, "price": "200.00"}, "9.5": {"sku": '
          '"FV7333-9.5", "stock": 1, "price": "200.00"}, "10": {"sku": '
          '"FV7333-10", "stock": 1, "price": "200.00"}, "10.5": {"sku": '
          '"FV7333-10.5", "stock": 1, "price": "200.00"}, "11": {"sku": '
          '"FV7333-11", "stock": 1, "price": "200.00"}, "11.5": {"sku": '
          '"FV7333-11.5", "stock": 1, "price": "200.00"}, "12": {"sku": '
          '"FV7333-12", "stock": 1, "price": "200.00"}, "13": {"sku": '
          '"FV7333-13", "stock": 1, "price": "200.00"}}',
 'stocks': 14,
 'title': 'Adidas by Pharrell Williams Mens 0 To 60 [FV7333]'}
2020-05-10 05:36:49 [scrapy.core.engine] DEBUG: Crawled (200) <GET https://kith.com/collections/all/products.json> (referer: None)
2020-05-10 05:36:50 [scrapy.core.engine] DEBUG: Crawled (200) <GET https://extrabutterny.com/products/adidas-by-alexander-wang-wangbody-run-ef2438.json> (referer: https://extrabutterny.com/collections/all/products.json)
2020-05-10 05:36:50 [scrapy.core.scraper] DEBUG: Scraped from <200 https://extrabutterny.com/products/adidas-by-alexander-wang-wangbody-run-ef2438.json>
{'image': 'https://cdn.shopify.com/s/files/1/0236/4333/products/EF2438-01.jpg?v=1555349697',
 'link': 'https://extrabutterny.com/products/adidas-by-alexander-wang-wangbody-run-ef2438',
 'price': '110.00',
 'sizes': '{"5": {"sku": "EF2438-5", "stock": 1, "price": "110.00"}, "5.5": '
          '{"sku": "EF2438-5.5", "stock": 1, "price": "110.00"}, "6": {"sku": '
          '"EF2438-6", "stock": 1, "price": "110.00"}, "6.5": {"sku": '
          '"EF2438-6.5", "stock": 1, "price": "110.00"}, "7": {"sku": '
          '"EF2438-7", "stock": 1, "price": "110.00"}, "7.5": {"sku": '
          '"EF2438-7.5", "stock": 1, "price": "110.00"}, "8": {"sku": '
          '"EF2438-8", "stock": 1, "price": "110.00"}, "8.5": {"sku": '
          '"EF2438-8.5", "stock": 1, "price": "110.00"}, "9": {"sku": '
          '"EF2438-9", "stock": 1, "price": "110.00"}, "9.5": {"sku": '
          '"EF2438-9.5", "stock": 1, "price": "110.00"}, "10": {"sku": '
          '"EF2438-10", "stock": 1, "price": "110.00"}, "10.5": {"sku": '
          '"EF2438-10.5", "stock": 1, "price": "110.00"}, "11": {"sku": '
          '"EF2438-11", "stock": 1, "price": "110.00"}, "12": {"sku": '
          '"EF2438-12", "stock": 1, "price": "110.00"}, "14": {"sku": '
          '"EF2438-14", "stock": 1, "price": "110.00"}}',
 'stocks': 15,
 'title': 'adidas by Alexander Wang Wangbody Run [EF2438]'}
2020-05-10 05:36:52 [scrapy.core.engine] DEBUG: Crawled (200) <GET https://extrabutterny.com/products/adidas-by-alexander-wang-wangbody-run-ef2437.json> (referer: https://extrabutterny.com/collections/all/products.json)
2020-05-10 05:36:52 [scrapy.core.scraper] DEBUG: Scraped from <200 https://extrabutterny.com/products/adidas-by-alexander-wang-wangbody-run-ef2437.json>
{'image': 'https://cdn.shopify.com/s/files/1/0236/4333/products/EF2437-01.jpg?v=1555349757',
 'link': 'https://extrabutterny.com/products/adidas-by-alexander-wang-wangbody-run-ef2437',
 'price': '110.00',
 'sizes': '{"5": {"sku": "EF2437-5", "stock": 1, "price": "110.00"}, "5.5": '
          '{"sku": "EF2437-5.5", "stock": 1, "price": "110.00"}, "6": {"sku": '
          '"EF2437-6", "stock": 1, "price": "110.00"}, "6.5": {"sku": '
          '"EF2437-6.5", "stock": 1, "price": "110.00"}, "7": {"sku": '
          '"EF2437-7", "stock": 1, "price": "110.00"}, "7.5": {"sku": '
          '"EF2437-7.5", "stock": 1, "price": "110.00"}, "8": {"sku": '
          '"EF2437-8", "stock": 1, "price": "110.00"}, "8.5": {"sku": '
          '"EF2437-8.5", "stock": 1, "price": "110.00"}, "9": {"sku": '
          '"EF2437-9", "stock": 1, "price": "110.00"}, "9.5": {"sku": '
          '"EF2437-9.5", "stock": 1, "price": "110.00"}, "10": {"sku": '
          '"EF2437-10", "stock": 1, "price": "110.00"}, "10.5": {"sku": '
          '"EF2437-10.5", "stock": 1, "price": "110.00"}, "11": {"sku": '
          '"EF2437-11", "stock": 1, "price": "110.00"}, "12": {"sku": '
          '"EF2437-12", "stock": 1, "price": "110.00"}}',
 'stocks': 14,
 'title': 'adidas by Alexander Wang Wangbody Run [EF2437]'}
2020-05-10 05:36:53 [scrapy.core.engine] DEBUG: Crawled (200) <GET https://extrabutterny.com/products/adidas-by-alexander-wang-turnout-trainer-eg4902.json> (referer: https://extrabutterny.com/collections/all/products.json)
2020-05-10 05:36:54 [scrapy.core.scraper] DEBUG: Scraped from <200 https://extrabutterny.com/products/adidas-by-alexander-wang-turnout-trainer-eg4902.json>
{'image': 'https://cdn.shopify.com/s/files/1/0236/4333/products/EG4902-1.jpg?v=1575660832',
 'link': 'https://extrabutterny.com/products/adidas-by-alexander-wang-turnout-trainer-eg4902',
 'price': '150.00',
 'sizes': '{"6": {"sku": "EG4902-6", "stock": 1, "price": "150.00"}, "7": '
          '{"sku": "EG4902-7", "stock": 1, "price": "150.00"}, "8": {"sku": '
          '"EG4902-8", "stock": 1, "price": "150.00"}, "8.5": {"sku": '
          '"EG4902-8.5", "stock": 1, "price": "150.00"}, "9": {"sku": '
          '"EG4902-9", "stock": 1, "price": "150.00"}, "9.5": {"sku": '
          '"EG4902-9.5", "stock": 1, "price": "150.00"}, "10": {"sku": '
          '"EG4902-10", "stock": 1, "price": "150.00"}, "10.5": {"sku": '
          '"EG4902-10.5", "stock": 1, "price": "150.00"}, "11": {"sku": '
          '"EG4902-11", "stock": 1, "price": "150.00"}, "11.5": {"sku": '
          '"EG4902-11.5", "stock": 1, "price": "150.00"}, "12": {"sku": '
          '"EG4902-12", "stock": 1, "price": "150.00"}}',
 'stocks': 11,
 'title': 'adidas by Alexander Wang Turnout Trainer [EG4902]'}
2020-05-10 05:36:55 [scrapy.core.engine] DEBUG: Crawled (200) <GET https://extrabutterny.com/products/adidas-by-alexander-wang-puff-trainer-fv2960.json> (referer: https://extrabutterny.com/collections/all/products.json)
2020-05-10 05:36:55 [scrapy.core.scraper] DEBUG: Scraped from <200 https://extrabutterny.com/products/adidas-by-alexander-wang-puff-trainer-fv2960.json>
{'image': 'https://cdn.shopify.com/s/files/1/0236/4333/products/FV2960-1.jpg?v=1575661141',
 'link': 'https://extrabutterny.com/products/adidas-by-alexander-wang-puff-trainer-fv2960',
 'price': '187.00',
 'sizes': '{"6": {"sku": "FV2960-6", "stock": 1, "price": "187.00"}, "7": '
          '{"sku": "FV2960-7", "stock": 1, "price": "187.00"}, "8": {"sku": '
          '"FV2960-8", "stock": 1, "price": "187.00"}, "8.5": {"sku": '
          '"FV2960-8.5", "stock": 1, "price": "187.00"}, "9": {"sku": '
          '"FV2960-9", "stock": 1, "price": "187.00"}, "9.5": {"sku": '
          '"FV2960-9.5", "stock": 1, "price": "187.00"}, "10": {"sku": '
          '"FV2960-10", "stock": 1, "price": "187.00"}, "10.5": {"sku": '
          '"FV2960-10.5", "stock": 1, "price": "187.00"}, "11": {"sku": '
          '"FV2960-11", "stock": 1, "price": "187.00"}, "11.5": {"sku": '
          '"FV2960-11.5", "stock": 1, "price": "187.00"}, "12": {"sku": '
          '"FV2960-12", "stock": 1, "price": "187.00"}}',
 'stocks': 11,
 'title': 'adidas by Alexander Wang Puff Trainer [FV2960]'}
2020-05-10 05:36:57 [scrapy.core.engine] DEBUG: Crawled (200) <GET https://extrabutterny.com/products/adidas-by-alexander-wang-futureshell-ee8489.json> (referer: https://extrabutterny.com/collections/all/products.json)
2020-05-10 05:36:57 [scrapy.core.scraper] DEBUG: Scraped from <200 https://extrabutterny.com/products/adidas-by-alexander-wang-futureshell-ee8489.json>
{'image': 'https://cdn.shopify.com/s/files/1/0236/4333/products/EE8489-ws-1.jpg?v=1558883072',
 'link': 'https://extrabutterny.com/products/adidas-by-alexander-wang-futureshell-ee8489',
 'price': '125.00',
 'sizes': '{"5": {"sku": "EE8489-5", "stock": 1, "price": "125.00"}, "5.5": '
          '{"sku": "EE8489-5.5", "stock": 1, "price": "125.00"}, "6": {"sku": '
          '"EE8489-6", "stock": 1, "price": "125.00"}, "6.5": {"sku": '
          '"EE8489-6.5", "stock": 1, "price": "125.00"}, "7": {"sku": '
          '"EE8489-7", "stock": 1, "price": "125.00"}, "7.5": {"sku": '
          '"EE8489-7.5", "stock": 1, "price": "125.00"}, "8": {"sku": '
          '"EE8489-8", "stock": 1, "price": "125.00"}, "8.5": {"sku": '
          '"EE8489-8.5", "stock": 1, "price": "125.00"}, "9": {"sku": '
          '"EE8489-9", "stock": 1, "price": "125.00"}, "9.5": {"sku": '
          '"EE8489-9.5", "stock": 1, "price": "125.00"}, "10": {"sku": '
          '"EE8489-10", "stock": 1, "price": "125.00"}, "10.5": {"sku": '
          '"EE8489-10.5", "stock": 1, "price": "125.00"}, "11": {"sku": '
          '"EE8489-11", "stock": 1, "price": "125.00"}, "11.5": {"sku": '
          '"EE8489-11.5", "stock": 1, "price": "125.00"}, "12": {"sku": '
          '"EE8489-12", "stock": 1, "price": "125.00"}}',
 'stocks': 15,
 'title': 'adidas by Alexander Wang Futureshell [EE8489]'}
2020-05-10 05:36:57 [scrapy.core.engine] DEBUG: Crawled (200) <GET https://extrabutterny.com/products/adidas-by-alexander-wang-turnout-trainer-fv2914.json> (referer: https://extrabutterny.com/collections/all/products.json)
2020-05-10 05:36:57 [scrapy.core.scraper] DEBUG: Scraped from <200 https://extrabutterny.com/products/adidas-by-alexander-wang-turnout-trainer-fv2914.json>
{'image': 'https://cdn.shopify.com/s/files/1/0236/4333/products/FV2914-1.jpg?v=1575660642',
 'link': 'https://extrabutterny.com/products/adidas-by-alexander-wang-turnout-trainer-fv2914',
 'price': '150.00',
 'sizes': '{"6": {"sku": "FV2914-6", "stock": 1, "price": "150.00"}, "7": '
          '{"sku": "FV2914-7", "stock": 1, "price": "150.00"}, "8": {"sku": '
          '"FV2914-8", "stock": 1, "price": "150.00"}, "8.5": {"sku": '
          '"FV2914-8.5", "stock": 1, "price": "150.00"}, "9": {"sku": '
          '"FV2914-9", "stock": 1, "price": "150.00"}, "9.5": {"sku": '
          '"FV2914-9.5", "stock": 1, "price": "150.00"}, "10": {"sku": '
          '"FV2914-10", "stock": 1, "price": "150.00"}, "10.5": {"sku": '
          '"FV2914-10.5", "stock": 1, "price": "150.00"}, "11": {"sku": '
          '"FV2914-11", "stock": 1, "price": "150.00"}, "11.5": {"sku": '
          '"FV2914-11.5", "stock": 1, "price": "150.00"}, "12": {"sku": '
          '"FV2914-12", "stock": 1, "price": "150.00"}}',
 'stocks': 11,
 'title': 'adidas by Alexander Wang Turnout Trainer [FV2914]'}
2020-05-10 05:36:58 [scrapy.core.engine] DEBUG: Crawled (200) <GET https://extrabutterny.com/products/adidas-by-alexander-wang-bball-soccer-fv2903.json> (referer: https://extrabutterny.com/collections/all/products.json)
2020-05-10 05:36:58 [scrapy.core.scraper] DEBUG: Scraped from <200 https://extrabutterny.com/products/adidas-by-alexander-wang-bball-soccer-fv2903.json>
{'image': 'https://cdn.shopify.com/s/files/1/0236/4333/products/FV2903-1.jpg?v=1575660637',
 'link': 'https://extrabutterny.com/products/adidas-by-alexander-wang-bball-soccer-fv2903',
 'price': '187.00',
 'sizes': '{"6": {"sku": "FV2903-6", "stock": 1, "price": "187.00"}, "7": '
          '{"sku": "FV2903-7", "stock": 1, "price": "187.00"}, "8": {"sku": '
          '"FV2903-8", "stock": 1, "price": "187.00"}, "8.5": {"sku": '
          '"FV2903-8.5", "stock": 1, "price": "187.00"}, "9": {"sku": '
          '"FV2903-9", "stock": 1, "price": "187.00"}, "9.5": {"sku": '
          '"FV2903-9.5", "stock": 1, "price": "187.00"}, "10": {"sku": '
          '"FV2903-10", "stock": 1, "price": "187.00"}, "10.5": {"sku": '
          '"FV2903-10.5", "stock": 1, "price": "187.00"}, "11": {"sku": '
          '"FV2903-11", "stock": 1, "price": "187.00"}, "11.5": {"sku": '
          '"FV2903-11.5", "stock": 1, "price": "187.00"}, "12": {"sku": '
          '"FV2903-12", "stock": 1, "price": "187.00"}}',
 'stocks': 11,
 'title': 'adidas by Alexander Wang BBall Soccer [FV2903]'}
2020-05-10 05:36:59 [scrapy.core.engine] DEBUG: Crawled (200) <GET https://extrabutterny.com/products/adidas-by-alexander-wang-bball-soccer-eg0903.json> (referer: https://extrabutterny.com/collections/all/products.json)
2020-05-10 05:36:59 [scrapy.core.scraper] DEBUG: Scraped from <200 https://extrabutterny.com/products/adidas-by-alexander-wang-bball-soccer-eg0903.json>
{'image': 'https://cdn.shopify.com/s/files/1/0236/4333/products/EG0903-1.jpg?v=1575660634',
 'link': 'https://extrabutterny.com/products/adidas-by-alexander-wang-bball-soccer-eg0903',
 'price': '187.00',
 'sizes': '{"6": {"sku": "EG0903-6", "stock": 1, "price": "187.00"}, "7": '
          '{"sku": "EG0903-7", "stock": 1, "price": "187.00"}, "8": {"sku": '
          '"EG0903-8", "stock": 1, "price": "187.00"}, "8.5": {"sku": '
          '"EG0903-8.5", "stock": 1, "price": "187.00"}, "9": {"sku": '
          '"EG0903-9", "stock": 1, "price": "187.00"}, "9.5": {"sku": '
          '"EG0903-9.5", "stock": 1, "price": "187.00"}, "10": {"sku": '
          '"EG0903-10", "stock": 1, "price": "187.00"}, "10.5": {"sku": '
          '"EG0903-10.5", "stock": 1, "price": "187.00"}, "11": {"sku": '
          '"EG0903-11", "stock": 1, "price": "187.00"}, "11.5": {"sku": '
          '"EG0903-11.5", "stock": 1, "price": "187.00"}, "12": {"sku": '
          '"EG0903-12", "stock": 1, "price": "187.00"}}',
 'stocks': 11,
 'title': 'adidas by Alexander Wang BBall Soccer [EG0903]'}
2020-05-10 05:37:00 [scrapy.core.engine] DEBUG: Crawled (200) <GET https://extrabutterny.com/products/adidas-archive_m1-z01-3043-00.json> (referer: https://extrabutterny.com/collections/all/products.json)
2020-05-10 05:37:00 [scrapy.core.scraper] DEBUG: Scraped from <200 https://extrabutterny.com/products/adidas-archive_m1-z01-3043-00.json>
{'image': 'https://cdn.shopify.com/s/files/1/0236/4333/products/Z013043-00-1.jpg?v=1542824183',
 'link': 'https://extrabutterny.com/products/adidas-archive_m1-z01-3043-00',
 'price': '130.00',
 'sizes': '{"OS": {"sku": "Z013043-00-OS", "stock": 1, "price": "130.00"}}',
 'stocks': 1,
 'title': 'Adidas Archive_M1 [Z01-3043-00]'}
2020-05-10 05:37:03 [scrapy.core.engine] DEBUG: Crawled (200) <GET https://extrabutterny.com/products/adidas-archive_m1-z01-3041-00.json> (referer: https://extrabutterny.com/collections/all/products.json)
2020-05-10 05:37:03 [scrapy.core.scraper] DEBUG: Scraped from <200 https://extrabutterny.com/products/adidas-archive_m1-z01-3041-00.json>
{'image': 'https://cdn.shopify.com/s/files/1/0236/4333/products/Z01-3041-1.jpg?v=1542826241',
 'link': 'https://extrabutterny.com/products/adidas-archive_m1-z01-3041-00',
 'price': '130.00',
 'sizes': '{"OS": {"sku": "Z013041-00-OS", "stock": 1, "price": "130.00"}}',
 'stocks': 1,
 'title': 'Adidas Archive_M1 [Z01-3041-00]'}
2020-05-10 05:37:03 [scrapy.core.engine] DEBUG: Crawled (200) <GET https://extrabutterny.com/products/adidas-archive_m1-z01-513-00.json> (referer: https://extrabutterny.com/collections/all/products.json)
2020-05-10 05:37:03 [scrapy.core.engine] DEBUG: Crawled (200) <GET https://extrabutterny.com/products/adidas-archive_cm1-z07-3068-00.json> (referer: https://extrabutterny.com/collections/all/products.json)
2020-05-10 05:37:03 [scrapy.core.scraper] DEBUG: Scraped from <200 https://extrabutterny.com/products/adidas-archive_m1-z01-513-00.json>
{'image': 'https://cdn.shopify.com/s/files/1/0236/4333/products/GMWB5000GD-9-01.jpg?v=1553107963',
 'link': 'https://extrabutterny.com/products/adidas-archive_m1-z01-513-00',
 'price': '130.00',
 'sizes': '{"OS": {"sku": "CJ6308-OS", "stock": 1, "price": "130.00"}}',
 'stocks': 1,
 'title': 'Adidas Archive_M1 [CJ6308]'}
2020-05-10 05:37:03 [scrapy.core.scraper] DEBUG: Scraped from <200 https://extrabutterny.com/products/adidas-archive_cm1-z07-3068-00.json>
{'image': 'https://cdn.shopify.com/s/files/1/0236/4333/products/Z07-3068-00-1.jpg?v=1542826483',
 'link': 'https://extrabutterny.com/products/adidas-archive_cm1-z07-3068-00',
 'price': '180.00',
 'sizes': '{"OS": {"sku": "Z07-3068-00-OS", "stock": 1, "price": "180.00"}}',
 'stocks': 1,
 'title': 'Adidas Archive_CM1 [Z07-3068-00]'}
2020-05-10 05:37:05 [scrapy.core.engine] DEBUG: Crawled (200) <GET https://extrabutterny.com/products/adidas-4d-run-1-0-fw6838.json> (referer: https://extrabutterny.com/collections/all/products.json)
2020-05-10 05:37:05 [scrapy.core.engine] DEBUG: Crawled (200) <GET https://extrabutterny.com/products/adidas-a-r-trainer-d98157.json> (referer: https://extrabutterny.com/collections/all/products.json)
2020-05-10 05:37:05 [scrapy.core.scraper] DEBUG: Scraped from <200 https://extrabutterny.com/products/adidas-4d-run-1-0-fw6838.json>
{'image': 'https://cdn.shopify.com/s/files/1/0236/4333/products/FW6838-1.jpg?v=1582048541',
 'link': 'https://extrabutterny.com/products/adidas-4d-run-1-0-fw6838',
 'price': '165.00',
 'sizes': '{"5": {"sku": "FW6838-5", "stock": 1, "price": "165.00"}, "6": '
          '{"sku": "FW6838-6", "stock": 1, "price": "165.00"}, "7": {"sku": '
          '"FW6838-7", "stock": 1, "price": "165.00"}, "7.5": {"sku": '
          '"FW6838-7.5", "stock": 1, "price": "165.00"}, "8": {"sku": '
          '"FW6838-8", "stock": 1, "price": "165.00"}, "8.5": {"sku": '
          '"FW6838-8.5", "stock": 1, "price": "165.00"}, "9": {"sku": '
          '"FW6838-9", "stock": 1, "price": "165.00"}, "9.5": {"sku": '
          '"FW6838-9.5", "stock": 1, "price": "165.00"}, "10": {"sku": '
          '"FW6838-10", "stock": 1, "price": "165.00"}, "10.5": {"sku": '
          '"FW6838-10.5", "stock": 1, "price": "165.00"}, "11": {"sku": '
          '"FW6838-11", "stock": 1, "price": "165.00"}, "11.5": {"sku": '
          '"FW6838-11.5", "stock": 1, "price": "165.00"}, "12": {"sku": '
          '"FW6838-12", "stock": 1, "price": "165.00"}, "13": {"sku": '
          '"FW6838-13", "stock": 1, "price": "165.00"}}',
 'stocks': 14,
 'title': 'adidas 4D Run 1.0 [FW6838]'}
2020-05-10 05:37:05 [scrapy.core.scraper] DEBUG: Scraped from <200 https://extrabutterny.com/products/adidas-a-r-trainer-d98157.json>
{'image': 'https://cdn.shopify.com/s/files/1/0236/4333/products/D98157-01.jpg?v=1554849096',
 'link': 'https://extrabutterny.com/products/adidas-a-r-trainer-d98157',
 'price': '50.00',
 'sizes': '{"7.5": {"sku": "D98157-7.5", "stock": 1, "price": "50.00"}, "8": '
          '{"sku": "D98157-8", "stock": 1, "price": "50.00"}, "8.5": {"sku": '
          '"D98157-8.5", "stock": 1, "price": "50.00"}, "9": {"sku": '
          '"D98157-9", "stock": 1, "price": "50.00"}, "9.5": {"sku": '
          '"D98157-9.5", "stock": 1, "price": "50.00"}, "10": {"sku": '
          '"D98157-10", "stock": 1, "price": "50.00"}, "10.5": {"sku": '
          '"D98157-10.5", "stock": 1, "price": "50.00"}, "11": {"sku": '
          '"D98157-11", "stock": 1, "price": "50.00"}, "11.5": {"sku": '
          '"D98157-11.5", "stock": 1, "price": "50.00"}, "12": {"sku": '
          '"D98157-12", "stock": 1, "price": "50.00"}, "13": {"sku": '
          '"D98157-13", "stock": 1, "price": "50.00"}}',
 'stocks': 11,
 'title': 'adidas A.R. Trainer [D98157]'}
2020-05-10 05:37:07 [scrapy.core.engine] DEBUG: Crawled (200) <GET https://extrabutterny.com/products/11-by-boris-bidjan-saberi-11-hoodie.json> (referer: https://extrabutterny.com/collections/all/products.json)
2020-05-10 05:37:07 [scrapy.core.scraper] DEBUG: Scraped from <200 https://extrabutterny.com/products/11-by-boris-bidjan-saberi-11-hoodie.json>
{'image': 'https://cdn.shopify.com/s/files/1/0236/4333/products/H1B-1222.jpg?v=1586887423',
 'link': 'https://extrabutterny.com/products/11-by-boris-bidjan-saberi-11-hoodie',
 'price': '287.50',
 'sizes': '{"S": {"sku": "H1B-1222-S", "stock": 1, "price": "287.50"}, "M": '
          '{"sku": "H1B-1222-M", "stock": 1, "price": "287.50"}, "L": {"sku": '
          '"H1B-1222-L", "stock": 1, "price": "287.50"}, "XL": {"sku": '
          '"H1B-1222-XL", "stock": 1, "price": "287.50"}}',
 'stocks': 4,
 'title': '11 by Boris Bidjan Saberi 11 Hoodie'}
2020-05-10 05:37:08 [scrapy.core.engine] DEBUG: Crawled (200) <GET https://extrabutterny.com/products/fr2-velvet-souvenir-jacket-frj034.json> (referer: https://extrabutterny.com/collections/all/products.json)
2020-05-10 05:37:08 [scrapy.core.scraper] DEBUG: Scraped from <200 https://extrabutterny.com/products/fr2-velvet-souvenir-jacket-frj034.json>
{'image': 'https://cdn.shopify.com/s/files/1/0236/4333/products/FRJ034-1.jpg?v=1558466829',
 'link': 'https://extrabutterny.com/products/fr2-velvet-souvenir-jacket-frj034',
 'price': '175.00',
 'sizes': '{"S": {"sku": "FRJ034-S", "stock": 1, "price": "175.00"}, "M": '
          '{"sku": "FRJ034-M", "stock": 1, "price": "175.00"}, "L": {"sku": '
          '"FRJ034-L", "stock": 1, "price": "175.00"}, "XL": {"sku": '
          '"FRJ034-XL", "stock": 1, "price": "175.00"}}',
 'stocks': 4,
 'title': '#FR2 Velvet Souvenir Jacket [FRJ034]'}
2020-05-10 05:37:09 [scrapy.core.engine] DEBUG: Crawled (200) <GET https://extrabutterny.com/products/fr2-snap-jersey-cropped-pants-frp036.json> (referer: https://extrabutterny.com/collections/all/products.json)
2020-05-10 05:37:09 [scrapy.core.scraper] DEBUG: Scraped from <200 https://extrabutterny.com/products/fr2-snap-jersey-cropped-pants-frp036.json>
{'image': 'https://cdn.shopify.com/s/files/1/0236/4333/products/FRP036-BLACK-1X.jpg?v=1547232574',
 'link': 'https://extrabutterny.com/products/fr2-snap-jersey-cropped-pants-frp036',
 'price': '72.00',
 'sizes': '{"S": {"sku": "FRP036-BLACK-S", "stock": 1, "price": "72.00"}, "L": '
          '{"sku": "FRP036-BLACK-L", "stock": 1, "price": "72.00"}, "XL": '
          '{"sku": "FRP036-BLACK-XL", "stock": 1, "price": "72.00"}}',
 'stocks': 3,
 'title': '#FR2 Snap Jersey Cropped Pants [FRP036]'}
2020-05-10 05:37:11 [scrapy.core.engine] DEBUG: Crawled (200) <GET https://extrabutterny.com/products/fr2-sales-promotion-hoodie-frc587-2.json> (referer: https://extrabutterny.com/collections/all/products.json)
2020-05-10 05:37:11 [scrapy.core.scraper] DEBUG: Scraped from <200 https://extrabutterny.com/products/fr2-sales-promotion-hoodie-frc587-2.json>
{'image': 'https://cdn.shopify.com/s/files/1/0236/4333/products/FRC587-KHK-1.jpg?v=1574289391',
 'link': 'https://extrabutterny.com/products/fr2-sales-promotion-hoodie-frc587-2',
 'price': '104.00',
 'sizes': '{"S": {"sku": "FRC587-KHK-S", "stock": 1, "price": "104.00"}, "M": '
          '{"sku": "FRC587-KHK-M", "stock": 1, "price": "104.00"}, "L": '
          '{"sku": "FRC587-KHK-L", "stock": 1, "price": "104.00"}, "XL": '
          '{"sku": "FRC587-KHK-XL", "stock": 1, "price": "104.00"}}',
 'stocks': 4,
 'title': '#FR2 Sales Promotion Hoodie [FRC587]'}
2020-05-10 05:37:12 [scrapy.core.engine] DEBUG: Crawled (200) <GET https://extrabutterny.com/products/fr2-sales-promotion-hoodie-frc587.json> (referer: https://extrabutterny.com/collections/all/products.json)
2020-05-10 05:37:12 [scrapy.core.scraper] DEBUG: Scraped from <200 https://extrabutterny.com/products/fr2-sales-promotion-hoodie-frc587.json>
{'image': 'https://cdn.shopify.com/s/files/1/0236/4333/products/FRC587-BLK-1.jpg?v=1574289322',
 'link': 'https://extrabutterny.com/products/fr2-sales-promotion-hoodie-frc587',
 'price': '104.00',
 'sizes': '{"S": {"sku": "FRC587-BLK-S", "stock": 1, "price": "104.00"}, "M": '
          '{"sku": "FRC587-BLK-M", "stock": 1, "price": "104.00"}, "L": '
          '{"sku": "FRC587-BLK-L", "stock": 1, "price": "104.00"}, "XL": '
          '{"sku": "FRC587-BLK-XL", "stock": 1, "price": "104.00"}}',
 'stocks': 4,
 'title': '#FR2 Sales Promotion Hoodie [FRC587]'}
2020-05-10 05:37:14 [scrapy.core.engine] DEBUG: Crawled (200) <GET https://extrabutterny.com/products/fr2-romantic-date-hoodie-frc589.json> (referer: https://extrabutterny.com/collections/all/products.json)
2020-05-10 05:37:14 [scrapy.core.engine] DEBUG: Crawled (200) <GET https://extrabutterny.com/products/fr2-photographer-padding-vest-frj049.json> (referer: https://extrabutterny.com/collections/all/products.json)
2020-05-10 05:37:14 [scrapy.core.scraper] DEBUG: Scraped from <200 https://extrabutterny.com/products/fr2-romantic-date-hoodie-frc589.json>
{'image': 'https://cdn.shopify.com/s/files/1/0236/4333/products/FRC589-1.jpg?v=1574289507',
 'link': 'https://extrabutterny.com/products/fr2-romantic-date-hoodie-frc589',
 'price': '107.00',
 'sizes': '{"S": {"sku": "FRC589-S", "stock": 1, "price": "107.00"}, "M": '
          '{"sku": "FRC589-M", "stock": 1, "price": "107.00"}, "L": {"sku": '
          '"FRC589-L", "stock": 1, "price": "107.00"}, "XL": {"sku": '
          '"FRC589-XL", "stock": 1, "price": "107.00"}}',
 'stocks': 4,
 'title': '#FR2 Romantic Date Hoodie [FRC589]'}
2020-05-10 05:37:14 [scrapy.core.scraper] DEBUG: Scraped from <200 https://extrabutterny.com/products/fr2-photographer-padding-vest-frj049.json>
{'image': 'https://cdn.shopify.com/s/files/1/0236/4333/products/137B9203.jpg?v=1578526445',
 'link': 'https://extrabutterny.com/products/fr2-photographer-padding-vest-frj049',
 'price': '207.00',
 'sizes': '{"S": {"sku": "FRJ049-S", "stock": 1, "price": "207.00"}, "M": '
          '{"sku": "FRJ049-M", "stock": 1, "price": "207.00"}, "L": {"sku": '
          '"FRJ049-L", "stock": 1, "price": "207.00"}, "XL": {"sku": '
          '"FRJ049-XL", "stock": 1, "price": "207.00"}}',
 'stocks': 4,
 'title': '#FR2 Photographer Padding Vest [FRJ049]'}
2020-05-10 05:37:15 [scrapy.core.engine] DEBUG: Crawled (200) <GET https://extrabutterny.com/products/fr2-mens-the-pandemic-tee-1.json> (referer: https://extrabutterny.com/collections/all/products.json)
2020-05-10 05:37:15 [scrapy.core.scraper] DEBUG: Scraped from <200 https://extrabutterny.com/products/fr2-mens-the-pandemic-tee-1.json>
{'image': 'https://cdn.shopify.com/s/files/1/0236/4333/products/FRC969-1.jpg?v=1586902809',
 'link': 'https://extrabutterny.com/products/fr2-mens-the-pandemic-tee-1',
 'price': '80.00',
 'sizes': '{"S": {"sku": "FRC969-WHT-S", "stock": 1, "price": "80.00"}, "M": '
          '{"sku": "FRC969-WHT-M", "stock": 1, "price": "80.00"}, "L": {"sku": '
          '"FRC969-WHT-L", "stock": 1, "price": "80.00"}, "XL": {"sku": '
          '"FRC969-WHT-XL", "stock": 1, "price": "80.00"}}',
 'stocks': 4,
 'title': '#FR2 Mens The Pandemic Tee'}
2020-05-10 05:37:16 [scrapy.core.engine] DEBUG: Crawled (200) <GET https://extrabutterny.com/products/fr2-mens-the-pandemic-tee.json> (referer: https://extrabutterny.com/collections/all/products.json)
2020-05-10 05:37:17 [scrapy.core.scraper] DEBUG: Scraped from <200 https://extrabutterny.com/products/fr2-mens-the-pandemic-tee.json>
{'image': 'https://cdn.shopify.com/s/files/1/0236/4333/products/FRC969-brn-1.jpg?v=1586902335',
 'link': 'https://extrabutterny.com/products/fr2-mens-the-pandemic-tee',
 'price': '80.00',
 'sizes': '{"S": {"sku": "FRC969-BRN-S", "stock": 1, "price": "80.00"}, "M": '
          '{"sku": "FRC969-BRN-M", "stock": 1, "price": "80.00"}, "L": {"sku": '
          '"FRC969-BRN-L", "stock": 1, "price": "80.00"}, "XL": {"sku": '
          '"FRC969-BRN-XL", "stock": 1, "price": "80.00"}}',
 'stocks': 4,
 'title': '#FR2 Mens The Pandemic Tee'}
2020-05-10 05:37:19 [scrapy.core.engine] DEBUG: Crawled (200) <GET https://extrabutterny.com/products/fr2-mens-fake-news-tee-1.json> (referer: https://extrabutterny.com/collections/all/products.json)
2020-05-10 05:37:19 [scrapy.core.scraper] DEBUG: Scraped from <200 https://extrabutterny.com/products/fr2-mens-fake-news-tee-1.json>
{'image': 'https://cdn.shopify.com/s/files/1/0236/4333/products/FRC986-1.jpg?v=1586902221',
 'link': 'https://extrabutterny.com/products/fr2-mens-fake-news-tee-1',
 'price': '80.00',
 'sizes': '{"S": {"sku": "FRC986-S", "stock": 1, "price": "80.00"}, "M": '
          '{"sku": "FRC986-M", "stock": 1, "price": "80.00"}, "L": {"sku": '
          '"FRC986-L", "stock": 1, "price": "80.00"}, "XL": {"sku": '
          '"FRC986-XL", "stock": 1, "price": "80.00"}}',
 'stocks': 4,
 'title': '#FR2 Mens Fake News Tee'}
2020-05-10 05:37:21 [scrapy.core.engine] DEBUG: Crawled (200) <GET https://extrabutterny.com/products/fr2-mens-fake-news-tee.json> (referer: https://extrabutterny.com/collections/all/products.json)
2020-05-10 05:37:21 [scrapy.core.scraper] DEBUG: Scraped from <200 https://extrabutterny.com/products/fr2-mens-fake-news-tee.json>
{'image': 'https://cdn.shopify.com/s/files/1/0236/4333/products/FRC985-1.jpg?v=1586901934',
 'link': 'https://extrabutterny.com/products/fr2-mens-fake-news-tee',
 'price': '80.00',
 'sizes': '{"S": {"sku": "FRC985-S", "stock": 1, "price": "80.00"}, "M": '
          '{"sku": "FRC985-M", "stock": 1, "price": "80.00"}, "L": {"sku": '
          '"FRC985-L", "stock": 1, "price": "80.00"}, "XL": {"sku": '
          '"FRC985-XL", "stock": 1, "price": "80.00"}}',
 'stocks': 4,
 'title': '#FR2 Mens Fake News Tee'}
2020-05-10 05:37:23 [scrapy.core.engine] DEBUG: Crawled (200) <GET https://extrabutterny.com/products/fr2-axel-tee-frc253.json> (referer: https://extrabutterny.com/collections/all/products.json)
2020-05-10 05:37:23 [scrapy.core.engine] DEBUG: Crawled (200) <GET https://kith.com/products/aamso0011fa01blk0001.json> (referer: https://kith.com/collections/all/products.json)
2020-05-10 05:37:23 [scrapy.core.scraper] DEBUG: Scraped from <200 https://extrabutterny.com/products/fr2-axel-tee-frc253.json>
{'image': 'https://cdn.shopify.com/s/files/1/0236/4333/products/FRC253-BLACK-01.jpg?v=1547145904',
 'link': 'https://extrabutterny.com/products/fr2-axel-tee-frc253',
 'price': '21.60',
 'sizes': '{"S": {"sku": "FRC253-BLACK-S", "stock": 1, "price": "21.60"}, "M": '
          '{"sku": "FRC253-BLACK-M", "stock": 1, "price": "21.60"}, "L": '
          '{"sku": "FRC253-BLACK-L", "stock": 1, "price": "21.60"}, "XL": '
          '{"sku": "FRC253-BLACK-XL", "stock": 1, "price": "60.00"}}',
 'stocks': 4,
 'title': '#FR2 Axel Tee [FRC253]'}
2020-05-10 05:37:23 [scrapy.core.scraper] DEBUG: Scraped from <200 https://kith.com/products/aamso0011fa01blk0001.json>
{'image': 'https://cdn.shopify.com/s/files/1/0094/2252/products/AAMSO0011FA01BLK0001.jpg?v=1586351555',
 'link': 'https://kith.com/products/aamso0011fa01blk0001',
 'price': '435.00',
 'sizes': '{"42": {"sku": "13250861", "stock": 1, "price": "435.00"}, "44": '
          '{"sku": "13250862", "stock": 1, "price": "435.00"}, "46": {"sku": '
          '"2300010647041", "stock": 1, "price": "435.00"}, "48": {"sku": '
          '"2300010647058", "stock": 1, "price": "435.00"}, "50": {"sku": '
          '"2300010647065", "stock": 1, "price": "435.00"}, "52": {"sku": '
          '"2300010647072", "stock": 1, "price": "435.00"}}',
 'stocks': 6,
 'title': '1017 Alyx 9SM Multipocket Short - Black'}
2020-05-10 05:37:24 [scrapy.core.engine] DEBUG: Crawled (200) <GET https://kith.com/products/1017-alyx-9sm-mid-boot-with-fixed-sole-camo-green.json> (referer: https://kith.com/collections/all/products.json)
2020-05-10 05:37:24 [scrapy.core.scraper] DEBUG: Scraped from <200 https://kith.com/products/1017-alyx-9sm-mid-boot-with-fixed-sole-camo-green.json>
{'image': 'https://cdn.shopify.com/s/files/1/0094/2252/products/AlyxCamoBlack.jpg?v=1578657289',
 'link': 'https://kith.com/products/1017-alyx-9sm-mid-boot-with-fixed-sole-camo-green',
 'price': '450.00',
 'sizes': '{"34": {"sku": "98212590", "stock": 1, "price": "450.00"}, "35": '
          '{"sku": "98212591", "stock": 1, "price": "450.00"}, "36": {"sku": '
          '"98212592", "stock": 1, "price": "450.00"}, "37": {"sku": '
          '"98212593", "stock": 1, "price": "450.00"}, "38": {"sku": '
          '"98212594", "stock": 1, "price": "450.00"}, "39": {"sku": '
          '"98212595", "stock": 1, "price": "450.00"}, "40": {"sku": '
          '"98212596", "stock": 1, "price": "450.00"}, "41": {"sku": '
          '"2300008091139", "stock": 1, "price": "450.00"}, "42": {"sku": '
          '"2300008091153", "stock": 1, "price": "450.00"}, "43": {"sku": '
          '"2300008091177", "stock": 1, "price": "450.00"}, "44": {"sku": '
          '"2300008091191", "stock": 1, "price": "450.00"}, "45": {"sku": '
          '"2300008091214", "stock": 1, "price": "450.00"}, "46": {"sku": '
          '"98212602", "stock": 1, "price": "450.00"}, "47": {"sku": '
          '"98212603", "stock": 1, "price": "450.00"}}',
 'stocks': 14,
 'title': '1017 Alyx 9SM Mid Boot with Fixed Sole - Camo Green'}
2020-05-10 05:37:25 [scrapy.core.engine] DEBUG: Crawled (200) <GET https://extrabutterny.com/products/for-the-love-philippines-relief-tee.json> (referer: https://extrabutterny.com/collections/all/products.json)
2020-05-10 05:37:25 [scrapy.core.scraper] DEBUG: Scraped from <200 https://extrabutterny.com/products/for-the-love-philippines-relief-tee.json>
{'image': 'https://cdn.shopify.com/s/files/1/0236/4333/products/EBWGTLW-1.jpg?v=1562942037',
 'link': 'https://extrabutterny.com/products/for-the-love-philippines-relief-tee',
 'price': '25.00',
 'sizes': '{"3XL": {"sku": "ForTheLove-Relief-7- XXXL", "stock": 1, "price": '
          '"25.00"}}',
 'stocks': 1,
 'title': '"For The Love" Philippines Relief Tee'}
2020-05-10 05:37:25 [scrapy.core.engine] DEBUG: Crawled (200) <GET https://kith.com/products/1017-alyx-9sm-mackintosh-vest-black.json> (referer: https://kith.com/collections/all/products.json)
2020-05-10 05:37:26 [scrapy.core.scraper] DEBUG: Scraped from <200 https://kith.com/products/1017-alyx-9sm-mackintosh-vest-black.json>
{'image': 'https://cdn.shopify.com/s/files/1/0094/2252/products/ASAMMOU0005A001-1.jpg?v=1588070148',
 'link': 'https://kith.com/products/1017-alyx-9sm-mackintosh-vest-black',
 'price': '1472.00',
 'sizes': '{"XXS": {"sku": "98173655", "stock": 1, "price": "1472.00"}, "XS": '
          '{"sku": "98173656", "stock": 1, "price": "1472.00"}, "S": {"sku": '
          '"2300006399046", "stock": 1, "price": "1472.00"}, "M": {"sku": '
          '"2300006399053", "stock": 1, "price": "1472.00"}, "L": {"sku": '
          '"98173659", "stock": 1, "price": "1472.00"}, "XL": {"sku": '
          '"98173660", "stock": 1, "price": "1472.00"}, "XXL": {"sku": '
          '"98173661", "stock": 1, "price": "1472.00"}, "XXXL": {"sku": '
          '"98173662", "stock": 1, "price": "1472.00"}}',
 'stocks': 8,
 'title': '1017 Alyx 9SM Mackintosh Vest - Black'}
2020-05-10 05:37:28 [scrapy.core.engine] DEBUG: Crawled (200) <GET https://kith.com/products/1017-alyx-9sm-low-buckle-boot-with-fixed-sole-black.json> (referer: https://kith.com/collections/all/products.json)
2020-05-10 05:37:28 [scrapy.core.scraper] DEBUG: Scraped from <200 https://kith.com/products/1017-alyx-9sm-low-buckle-boot-with-fixed-sole-black.json>
{'image': 'https://cdn.shopify.com/s/files/1/0094/2252/products/AlyxLowBuckleBootWithFixedSole-UBO0009LE01BLK0001.jpg?v=1578657289',
 'link': 'https://kith.com/products/1017-alyx-9sm-low-buckle-boot-with-fixed-sole-black',
 'price': '588.00',
 'sizes': '{"34": {"sku": "98212604", "stock": 1, "price": "588.00"}, "35": '
          '{"sku": "98212605", "stock": 1, "price": "588.00"}, "36": {"sku": '
          '"98212606", "stock": 1, "price": "588.00"}, "37": {"sku": '
          '"98212607", "stock": 1, "price": "588.00"}, "38": {"sku": '
          '"98212608", "stock": 1, "price": "588.00"}, "39": {"sku": '
          '"98212609", "stock": 1, "price": "588.00"}, "40": {"sku": '
          '"98212610", "stock": 1, "price": "588.00"}, "41": {"sku": '
          '"2300008107137", "stock": 1, "price": "588.00"}, "42": {"sku": '
          '"2300008107151", "stock": 1, "price": "588.00"}, "43": {"sku": '
          '"2300008107175", "stock": 1, "price": "588.00"}, "44": {"sku": '
          '"2300008107199", "stock": 1, "price": "588.00"}, "45": {"sku": '
          '"2300008107212", "stock": 1, "price": "588.00"}, "46": {"sku": '
          '"98212616", "stock": 1, "price": "588.00"}, "47": {"sku": '
          '"98212617", "stock": 1, "price": "588.00"}}',
 'stocks': 14,
 'title': '1017 Alyx 9SM Low Buckle Boot with Fixed Sole - Black'}
2020-05-10 05:37:29 [scrapy.core.engine] DEBUG: Crawled (200) <GET https://kith.com/products/1017-alyx-9sm-logo-collection-hoodie-black.json> (referer: https://kith.com/collections/all/products.json)
2020-05-10 05:37:29 [scrapy.core.scraper] DEBUG: Scraped from <200 https://kith.com/products/1017-alyx-9sm-logo-collection-hoodie-black.json>
{'image': 'https://cdn.shopify.com/s/files/1/0094/2252/products/ASAVUSW0001A001.BLK-1.jpg?v=1574999705',
 'link': 'https://kith.com/products/1017-alyx-9sm-logo-collection-hoodie-black',
 'price': '244.00',
 'sizes': '{"XXS": {"sku": "98173606", "stock": 1, "price": "244.00"}, "XS": '
          '{"sku": "98173607", "stock": 1, "price": "244.00"}, "S": {"sku": '
          '"2300006460043", "stock": 1, "price": "244.00"}, "M": {"sku": '
          '"2300006460050", "stock": 1, "price": "244.00"}, "L": {"sku": '
          '"2300006460067", "stock": 1, "price": "244.00"}, "XL": {"sku": '
          '"2300006460074", "stock": 1, "price": "244.00"}, "XXL": {"sku": '
          '"98173612", "stock": 1, "price": "244.00"}, "XXXL": {"sku": '
          '"98173613", "stock": 1, "price": "244.00"}}',
 'stocks': 8,
 'title': '1017 Alyx 9SM Logo Collection Hoodie - Black'}
2020-05-10 05:37:30 [scrapy.core.engine] DEBUG: Crawled (200) <GET https://kith.com/products/1017-alyx-9sm-studio-lace-up-derby-low-black.json> (referer: https://kith.com/collections/all/products.json)
2020-05-10 05:37:30 [scrapy.core.scraper] DEBUG: Scraped from <200 https://kith.com/products/1017-alyx-9sm-studio-lace-up-derby-low-black.json>
{'image': 'https://cdn.shopify.com/s/files/1/0094/2252/products/AlyxLaceUpLowSneakerWithRemovableVibramSoleVar3-USN0006LE03BLK001_2.jpg?v=1578657291',
 'link': 'https://kith.com/products/1017-alyx-9sm-studio-lace-up-derby-low-black',
 'price': '549.50',
 'sizes': '{"34": {"sku": "98212632", "stock": 1, "price": "549.50"}, "35": '
          '{"sku": "98212633", "stock": 1, "price": "549.50"}, "36": {"sku": '
          '"98212634", "stock": 1, "price": "549.50"}, "37": {"sku": '
          '"98212635", "stock": 1, "price": "549.50"}, "38": {"sku": '
          '"98212636", "stock": 1, "price": "549.50"}, "39": {"sku": '
          '"98212637", "stock": 1, "price": "549.50"}, "40": {"sku": '
          '"98212638", "stock": 1, "price": "549.50"}, "41": {"sku": '
          '"2300008147133", "stock": 1, "price": "549.50"}, "42": {"sku": '
          '"2300008147157", "stock": 1, "price": "549.50"}, "43": {"sku": '
          '"2300008147171", "stock": 1, "price": "549.50"}, "44": {"sku": '
          '"2300008147195", "stock": 1, "price": "549.50"}, "45": {"sku": '
          '"2300008147218", "stock": 1, "price": "549.50"}, "46": {"sku": '
          '"98212644", "stock": 1, "price": "549.50"}, "47": {"sku": '
          '"98212645", "stock": 1, "price": "549.50"}}',
 'stocks': 14,
 'title': '1017 Alyx 9SM Lace-Up Derby Low - Black'}
2020-05-10 05:37:30 [scrapy.core.engine] DEBUG: Crawled (200) <GET https://kith.com/products/aamts0120fa01blk0001.json> (referer: https://kith.com/collections/all/products.json)
2020-05-10 05:37:30 [scrapy.core.scraper] DEBUG: Scraped from <200 https://kith.com/products/aamts0120fa01blk0001.json>
{'image': 'https://cdn.shopify.com/s/files/1/0094/2252/products/AAMTS0120FA01BLK0001.jpg?v=1586351515',
 'link': 'https://kith.com/products/aamts0120fa01blk0001',
 'price': '225.00',
 'sizes': '{"XS": {"sku": "13250835", "stock": 1, "price": "225.00"}, "S": '
          '{"sku": "2300010170044", "stock": 1, "price": "225.00"}, "M": '
          '{"sku": "2300010170051", "stock": 1, "price": "225.00"}, "L": '
          '{"sku": "2300010170068", "stock": 1, "price": "225.00"}, "XL": '
          '{"sku": "2300010170075", "stock": 1, "price": "225.00"}, "XXL": '
          '{"sku": "13250840", "stock": 1, "price": "225.00"}}',
 'stocks': 6,
 'title': '1017 Alyx 9SM L/S Tee w/ "A Sphere" - Black'}
2020-05-10 05:37:31 [scrapy.core.engine] DEBUG: Crawled (200) <GET https://kith.com/products/1017-alyx-9sm-l-s-roll-neck-tee-visual-black.json> (referer: https://kith.com/collections/all/products.json)
2020-05-10 05:37:32 [scrapy.core.scraper] DEBUG: Scraped from <200 https://kith.com/products/1017-alyx-9sm-l-s-roll-neck-tee-visual-black.json>
{'image': 'https://cdn.shopify.com/s/files/1/0094/2252/products/AVUTS0021FA01BLK0001.jpg?v=1586351434',
 'link': 'https://kith.com/products/1017-alyx-9sm-l-s-roll-neck-tee-visual-black',
 'price': '160.00',
 'sizes': '{"XXS": {"sku": "98231146", "stock": 1, "price": "160.00"}, "XS": '
          '{"sku": "98231147", "stock": 1, "price": "160.00"}, "S": {"sku": '
          '"2300010742043", "stock": 1, "price": "160.00"}, "M": {"sku": '
          '"2300010742050", "stock": 1, "price": "160.00"}, "L": {"sku": '
          '"2300010742067", "stock": 1, "price": "160.00"}, "XL": {"sku": '
          '"2300010742074", "stock": 1, "price": "160.00"}, "XXL": {"sku": '
          '"98231152", "stock": 1, "price": "160.00"}, "XXXL": {"sku": '
          '"98231153", "stock": 1, "price": "160.00"}}',
 'stocks': 8,
 'title': '1017 Alyx 9SM L/S Roll Neck Tee - Visual Black'}
2020-05-10 05:37:33 [scrapy.core.engine] DEBUG: Crawled (200) <GET https://kith.com/products/alyx-studio-l-s-hooded-tee-taupe.json> (referer: https://kith.com/collections/all/products.json)
2020-05-10 05:37:33 [scrapy.core.scraper] DEBUG: Scraped from <200 https://kith.com/products/alyx-studio-l-s-hooded-tee-taupe.json>
{'image': 'https://cdn.shopify.com/s/files/1/0094/2252/products/AAMTS0002A090-91-TAU-4.jpg?v=1571439034',
 'link': 'https://kith.com/products/alyx-studio-l-s-hooded-tee-taupe',
 'price': '168.85',
 'sizes': '{"XS": {"sku": "98150014", "stock": 1, "price": "168.85"}, "S": '
          '{"sku": "98150015", "stock": 1, "price": "168.85"}, "M": {"sku": '
          '"98150016", "stock": 1, "price": "168.85"}, "L": {"sku": '
          '"98150017", "stock": 1, "price": "168.85"}, "XL": {"sku": '
          '"98150018", "stock": 1, "price": "168.85"}, "XXL": {"sku": '
          '"98150019", "stock": 1, "price": "168.85"}, "XXXL": {"sku": '
          '"98150020", "stock": 1, "price": "168.85"}}',
 'stocks': 7,
 'title': '1017 ALYX 9SM L/S Hooded Tee - Taupe'}
2020-05-10 05:37:34 [scrapy.core.engine] DEBUG: Crawled (200) <GET https://kith.com/products/1017-alyx-9sm-knit-boot-white.json> (referer: https://kith.com/collections/all/products.json)
2020-05-10 05:37:34 [scrapy.core.scraper] DEBUG: Scraped from <200 https://kith.com/products/1017-alyx-9sm-knit-boot-white.json>
{'image': 'https://cdn.shopify.com/s/files/1/0094/2252/products/AlyxWhiteGreyBlack.jpg?v=1578657289',
 'link': 'https://kith.com/products/1017-alyx-9sm-knit-boot-white',
 'price': '700.00',
 'sizes': '{"34": {"sku": "98212618", "stock": 1, "price": "700.00"}, "35": '
          '{"sku": "98212619", "stock": 1, "price": "700.00"}, "36": {"sku": '
          '"98212620", "stock": 1, "price": "700.00"}, "37": {"sku": '
          '"98212621", "stock": 1, "price": "700.00"}, "38": {"sku": '
          '"98212622", "stock": 1, "price": "700.00"}, "39": {"sku": '
          '"98212623", "stock": 1, "price": "700.00"}, "40": {"sku": '
          '"98212624", "stock": 1, "price": "700.00"}, "41": {"sku": '
          '"2300008123137", "stock": 1, "price": "700.00"}, "42": {"sku": '
          '"2300008123151", "stock": 1, "price": "700.00"}, "43": {"sku": '
          '"2300008123175", "stock": 1, "price": "700.00"}, "44": {"sku": '
          '"2300008123199", "stock": 1, "price": "700.00"}, "45": {"sku": '
          '"2300008123212", "stock": 1, "price": "700.00"}, "46": {"sku": '
          '"98212630", "stock": 1, "price": "700.00"}, "47": {"sku": '
          '"98212631", "stock": 1, "price": "700.00"}}',
 'stocks': 14,
 'title': '1017 Alyx 9SM Knit Boot - White'}
2020-05-10 05:37:35 [scrapy.core.engine] DEBUG: Crawled (200) <GET https://kith.com/products/1017-alyx-9sm-knit-boot-silver.json> (referer: https://kith.com/collections/all/products.json)
2020-05-10 05:37:35 [scrapy.core.scraper] DEBUG: Scraped from <200 https://kith.com/products/1017-alyx-9sm-knit-boot-silver.json>
{'image': 'https://cdn.shopify.com/s/files/1/0094/2252/products/AlyxSilverWhiteBlack.jpg?v=1578657289',
 'link': 'https://kith.com/products/1017-alyx-9sm-knit-boot-silver',
 'price': '717.50',
 'sizes': '{"34": {"sku": "98212646", "stock": 1, "price": "717.50"}, "35": '
          '{"sku": "98212647", "stock": 1, "price": "717.50"}, "36": {"sku": '
          '"2300009475037", "stock": 1, "price": "717.50"}, "37": {"sku": '
          '"2300009475051", "stock": 1, "price": "717.50"}, "38": {"sku": '
          '"2300009475075", "stock": 1, "price": "717.50"}, "39": {"sku": '
          '"2300009475099", "stock": 1, "price": "717.50"}, "40": {"sku": '
          '"2300009475112", "stock": 1, "price": "717.50"}, "41": {"sku": '
          '"98212653", "stock": 1, "price": "717.50"}, "42": {"sku": '
          '"98212654", "stock": 1, "price": "717.50"}, "43": {"sku": '
          '"98212655", "stock": 1, "price": "717.50"}, "44": {"sku": '
          '"98212656", "stock": 1, "price": "717.50"}, "45": {"sku": '
          '"98212657", "stock": 1, "price": "717.50"}, "46": {"sku": '
          '"98212658", "stock": 1, "price": "717.50"}, "47": {"sku": '
          '"98212659", "stock": 1, "price": "717.50"}}',
 'stocks': 14,
 'title': '1017 Alyx 9SM Knit Boot - Silver'}
2020-05-10 05:37:37 [scrapy.core.engine] DEBUG: Crawled (200) <GET https://kith.com/products/aamts0123fa01wth0001.json> (referer: https://kith.com/collections/all/products.json)
2020-05-10 05:37:37 [scrapy.core.scraper] DEBUG: Scraped from <200 https://kith.com/products/aamts0123fa01wth0001.json>
{'image': 'https://cdn.shopify.com/s/files/1/0094/2252/products/AAMTS0123FA01WTH0001.jpg?v=1586351358',
 'link': 'https://kith.com/products/aamts0123fa01wth0001',
 'price': '225.00',
 'sizes': '{"XS": {"sku": "13250841", "stock": 1, "price": "225.00"}, "S": '
          '{"sku": "2300010176046", "stock": 1, "price": "225.00"}, "M": '
          '{"sku": "2300010176053", "stock": 1, "price": "225.00"}, "L": '
          '{"sku": "2300010176060", "stock": 1, "price": "225.00"}, "XL": '
          '{"sku": "2300010176077", "stock": 1, "price": "225.00"}, "XXL": '
          '{"sku": "13250846", "stock": 1, "price": "225.00"}}',
 'stocks': 6,
 'title': '1017 Alyx 9SM Hoodie Tee - White'}
2020-05-10 05:37:38 [scrapy.core.engine] DEBUG: Crawled (200) <GET https://kith.com/products/aamts0132fa01blk0001.json> (referer: https://kith.com/collections/all/products.json)
2020-05-10 05:37:38 [scrapy.core.scraper] DEBUG: Scraped from <200 https://kith.com/products/aamts0132fa01blk0001.json>
{'image': 'https://cdn.shopify.com/s/files/1/0094/2252/products/AAMTS0132FA01BLK0001.jpg?v=1586351307',
 'link': 'https://kith.com/products/aamts0132fa01blk0001',
 'price': '254.00',
 'sizes': '{"XS": {"sku": "13250847", "stock": 1, "price": "254.00"}, "S": '
          '{"sku": "2300011456048", "stock": 1, "price": "254.00"}, "M": '
          '{"sku": "2300011456055", "stock": 1, "price": "254.00"}, "L": '
          '{"sku": "2300011456062", "stock": 1, "price": "254.00"}, "XL": '
          '{"sku": "2300011456079", "stock": 1, "price": "254.00"}, "XXL": '
          '{"sku": "13250852", "stock": 1, "price": "254.00"}}',
 'stocks': 6,
 'title': '1017 Alyx 9SM Hooded Tee w/ Screen Print - Black'}
2020-05-10 05:37:39 [scrapy.extensions.logstats] INFO: Crawled 44 pages (at 44 pages/min), scraped 42 items (at 42 items/min)
2020-05-10 05:37:44 [scrapy.core.engine] DEBUG: Crawled (200) <GET https://kith.com/products/alyx-studio-flag-in-thorn-tee-white.json> (referer: https://kith.com/collections/all/products.json)
2020-05-10 05:37:44 [scrapy.core.scraper] DEBUG: Scraped from <200 https://kith.com/products/alyx-studio-flag-in-thorn-tee-white.json>
{'image': 'https://cdn.shopify.com/s/files/1/0094/2252/products/AAMTS0006A007-WHITE-1.jpg?v=1571439034',
 'link': 'https://kith.com/products/alyx-studio-flag-in-thorn-tee-white',
 'price': '196.00',
 'sizes': '{"XS": {"sku": "98149993", "stock": 1, "price": "196.00"}, "S": '
          '{"sku": "98149994", "stock": 1, "price": "196.00"}, "M": {"sku": '
          '"98149995", "stock": 1, "price": "196.00"}, "L": {"sku": '
          '"98149996", "stock": 1, "price": "196.00"}, "XL": {"sku": '
          '"98149997", "stock": 1, "price": "196.00"}, "XXL": {"sku": '
          '"98149998", "stock": 1, "price": "196.00"}, "XXXL": {"sku": '
          '"98149999", "stock": 1, "price": "196.00"}}',
 'stocks': 7,
 'title': '1017 ALYX 9SM Flag In Thorn Tee - White'}
2020-05-10 05:37:45 [scrapy.core.engine] DEBUG: Crawled (200) <GET https://kith.com/products/alyx-studio-holster-pant-black.json> (referer: https://kith.com/collections/all/products.json)
2020-05-10 05:37:45 [scrapy.core.engine] DEBUG: Crawled (200) <GET https://kith.com/products/1017-alyx-9sm-double-trench-belt-black-silver.json> (referer: https://kith.com/collections/all/products.json)
2020-05-10 05:37:45 [scrapy.core.scraper] DEBUG: Scraped from <200 https://kith.com/products/alyx-studio-holster-pant-black.json>
{'image': 'https://cdn.shopify.com/s/files/1/0094/2252/products/AAMPA0005A001-BLACK-7.jpg?v=1571439034',
 'link': 'https://kith.com/products/alyx-studio-holster-pant-black',
 'price': '650.00',
 'sizes': '{"XS": {"sku": "98150042", "stock": 1, "price": "650.00"}, "S": '
          '{"sku": "98150043", "stock": 1, "price": "650.00"}, "M": {"sku": '
          '"98150044", "stock": 1, "price": "650.00"}, "L": {"sku": '
          '"98150045", "stock": 1, "price": "650.00"}, "XL": {"sku": '
          '"98150046", "stock": 1, "price": "650.00"}, "XXL": {"sku": '
          '"98150047", "stock": 1, "price": "650.00"}, "XXXL": {"sku": '
          '"98150048", "stock": 1, "price": "650.00"}}',
 'stocks': 7,
 'title': '1017 ALYX 9SM Holster Pant - Black'}
2020-05-10 05:37:45 [scrapy.core.scraper] DEBUG: Scraped from <200 https://kith.com/products/1017-alyx-9sm-double-trench-belt-black-silver.json>
{'image': 'https://cdn.shopify.com/s/files/1/0094/2252/products/ASAAUBT0005A001.BLK-1.jpg?v=1571439195',
 'link': 'https://kith.com/products/1017-alyx-9sm-double-trench-belt-black-silver',
 'price': '301.00',
 'sizes': '{"Default Title": {"sku": "2300006526015", "stock": 1, "price": '
          '"301.00"}}',
 'stocks': 1,
 'title': '1017 Alyx 9SM Double Trench Belt - Black / Silver'}
2020-05-10 05:37:45 [scrapy.downloadermiddlewares.retry] DEBUG: Retrying <GET https://extrabutterny.com/products/adidas-by-alexander-wang-futureshell-ee9027.json> (failed 1 times): User timeout caused connection failure: Getting https://extrabutterny.com/products/adidas-by-alexander-wang-futureshell-ee9027.json took longer than 50.0 seconds..
2020-05-10 05:37:46 [scrapy.core.engine] DEBUG: Crawled (200) <GET https://kith.com/products/aawba0001b015-wmns.json> (referer: https://kith.com/collections/all/products.json)
2020-05-10 05:37:46 [scrapy.core.scraper] DEBUG: Scraped from <200 https://kith.com/products/aawba0001b015-wmns.json>
{'image': 'https://cdn.shopify.com/s/files/1/0094/2252/products/DSC_0081_fe64d368-9745-4afa-9f23-006720698299.jpg?v=1571439047',
 'link': 'https://kith.com/products/aawba0001b015-wmns',
 'price': '466.00',
 'sizes': '{"Default Title": {"sku": "70003004", "stock": 1, "price": '
          '"466.00"}}',
 'stocks': 1,
 'title': '1017 ALYX 9SM Crossbody Bag - Silver'}
2020-05-10 05:37:47 [scrapy.core.engine] DEBUG: Crawled (200) <GET https://kith.com/products/1017-alyx-9sm-collection-code-tee-white.json> (referer: https://kith.com/collections/all/products.json)
2020-05-10 05:37:47 [scrapy.core.scraper] DEBUG: Scraped from <200 https://kith.com/products/1017-alyx-9sm-collection-code-tee-white.json>
{'image': 'https://cdn.shopify.com/s/files/1/0094/2252/products/ASAVUTS0007A007.WHT.JPG?v=1574999662',
 'link': 'https://kith.com/products/1017-alyx-9sm-collection-code-tee-white',
 'price': '60.00',
 'sizes': '{"XXS": {"sku": "98173529", "stock": 1, "price": "60.00"}, "XS": '
          '{"sku": "98173530", "stock": 1, "price": "60.00"}, "S": {"sku": '
          '"2300006454042", "stock": 1, "price": "60.00"}, "M": {"sku": '
          '"2300006454059", "stock": 1, "price": "60.00"}, "L": {"sku": '
          '"2300006454066", "stock": 1, "price": "60.00"}, "XL": {"sku": '
          '"2300006454073", "stock": 1, "price": "60.00"}, "XXL": {"sku": '
          '"98173535", "stock": 1, "price": "60.00"}, "XXXL": {"sku": '
          '"98173536", "stock": 1, "price": "60.00"}}',
 'stocks': 8,
 'title': '1017 Alyx 9SM Collection Code Tee - White'}
2020-05-10 05:37:47 [scrapy.core.engine] DEBUG: Crawled (200) <GET https://kith.com/products/alyx-studio-flag-in-thorn-l-s-tee-black.json> (referer: https://kith.com/collections/all/products.json)
2020-05-10 05:37:47 [scrapy.core.scraper] DEBUG: Scraped from <200 https://kith.com/products/alyx-studio-flag-in-thorn-l-s-tee-black.json>
{'image': 'https://cdn.shopify.com/s/files/1/0094/2252/products/AAMTS0009A001-1-BLAC-2.jpg?v=1571439034',
 'link': 'https://kith.com/products/alyx-studio-flag-in-thorn-l-s-tee-black',
 'price': '202.00',
 'sizes': '{"XS": {"sku": "98150000", "stock": 1, "price": "202.00"}, "S": '
          '{"sku": "98150001", "stock": 1, "price": "202.00"}, "M": {"sku": '
          '"98150002", "stock": 1, "price": "202.00"}, "L": {"sku": '
          '"98150003", "stock": 1, "price": "202.00"}, "XL": {"sku": '
          '"98150004", "stock": 1, "price": "202.00"}, "XXL": {"sku": '
          '"98150005", "stock": 1, "price": "202.00"}, "XXXL": {"sku": '
          '"98150006", "stock": 1, "price": "202.00"}}',
 'stocks': 7,
 'title': '1017 ALYX 9SM Flag In Thorn L/S Tee - Black'}
2020-05-10 05:37:48 [scrapy.core.engine] DEBUG: Crawled (200) <GET https://kith.com/products/1017-alyx-9sm-collection-code-tee-black.json> (referer: https://kith.com/collections/all/products.json)
2020-05-10 05:37:48 [scrapy.core.scraper] DEBUG: Scraped from <200 https://kith.com/products/1017-alyx-9sm-collection-code-tee-black.json>
{'image': 'https://cdn.shopify.com/s/files/1/0094/2252/products/ASAVUTS0007A001.BLK-1.jpg?v=1571439226',
 'link': 'https://kith.com/products/1017-alyx-9sm-collection-code-tee-black',
 'price': '151.00',
 'sizes': '{"XXS": {"sku": "98173537", "stock": 1, "price": "151.00"}, "XS": '
          '{"sku": "98173538", "stock": 1, "price": "151.00"}, "S": {"sku": '
          '"2300006452048", "stock": 1, "price": "151.00"}, "M": {"sku": '
          '"2300006452055", "stock": 1, "price": "151.00"}, "L": {"sku": '
          '"2300006452062", "stock": 1, "price": "151.00"}, "XL": {"sku": '
          '"2300006452079", "stock": 1, "price": "151.00"}, "XXL": {"sku": '
          '"98173543", "stock": 1, "price": "151.00"}, "XXXL": {"sku": '
          '"98173544", "stock": 1, "price": "151.00"}}',
 'stocks': 8,
 'title': '1017 Alyx 9SM Collection Code Tee - Black'}
2020-05-10 05:37:51 [scrapy.core.engine] DEBUG: Crawled (200) <GET https://kith.com/products/aamou0079fa01blk0001.json> (referer: https://kith.com/collections/all/products.json)
2020-05-10 05:37:51 [scrapy.core.scraper] DEBUG: Scraped from <200 https://kith.com/products/aamou0079fa01blk0001.json>
{'image': 'https://cdn.shopify.com/s/files/1/0094/2252/products/AAMOU0079FA01BLK0001.jpg?v=1586351212',
 'link': 'https://kith.com/products/aamou0079fa01blk0001',
 'price': '395.00',
 'sizes': '{"42": {"sku": "13250881", "stock": 1, "price": "395.00"}, "44": '
          '{"sku": "13250882", "stock": 1, "price": "395.00"}, "46": {"sku": '
          '"2300010611042", "stock": 1, "price": "395.00"}, "48": {"sku": '
          '"2300010611059", "stock": 1, "price": "395.00"}, "50": {"sku": '
          '"2300010611066", "stock": 1, "price": "395.00"}, "52": {"sku": '
          '"2300010611073", "stock": 1, "price": "395.00"}, "54": {"sku": '
          '"2300010611080", "stock": 1, "price": "395.00"}}',
 'stocks': 7,
 'title': '1017 Alyx 9SM Coach Jacket - Black'}
2020-05-10 05:37:52 [scrapy.core.engine] DEBUG: Crawled (200) <GET https://kith.com/products/alyx-studio-city-scape-tee-black.json> (referer: https://kith.com/collections/all/products.json)
2020-05-10 05:37:53 [scrapy.core.engine] DEBUG: Crawled (200) <GET https://kith.com/products/asaamha0001a042-blk.json> (referer: https://kith.com/collections/all/products.json)
2020-05-10 05:37:53 [scrapy.core.engine] DEBUG: Crawled (200) <GET https://kith.com/products/alyx-studio-classic-denim-w-keychain-black.json> (referer: https://kith.com/collections/all/products.json)
2020-05-10 05:37:53 [scrapy.core.scraper] DEBUG: Scraped from <200 https://kith.com/products/alyx-studio-city-scape-tee-black.json>
{'image': 'https://cdn.shopify.com/s/files/1/0094/2252/products/AAMTS0018A001-1-BL-4.jpg?v=1571439034',
 'link': 'https://kith.com/products/alyx-studio-city-scape-tee-black',
 'price': '196.00',
 'sizes': '{"XS": {"sku": "98149972", "stock": 1, "price": "196.00"}, "S": '
          '{"sku": "98149973", "stock": 1, "price": "196.00"}, "M": {"sku": '
          '"98149974", "stock": 1, "price": "196.00"}, "L": {"sku": '
          '"98149975", "stock": 1, "price": "196.00"}, "XL": {"sku": '
          '"98149976", "stock": 1, "price": "196.00"}, "XXL": {"sku": '
          '"98149977", "stock": 1, "price": "196.00"}, "XXXL": {"sku": '
          '"98149978", "stock": 1, "price": "196.00"}}',
 'stocks': 7,
 'title': '1017 ALYX 9SM City Scape Tee - Black'}
2020-05-10 05:37:53 [scrapy.core.scraper] DEBUG: Scraped from <200 https://kith.com/products/asaamha0001a042-blk.json>
{'image': 'https://cdn.shopify.com/s/files/1/0094/2252/products/ASAAMHA0001A042.BLK_-1.jpg?v=1571439195',
 'link': 'https://kith.com/products/asaamha0001a042-blk',
 'price': '116.00',
 'sizes': '{"Default Title": {"sku": "2300006977015", "stock": 1, "price": '
          '"116.00"}}',
 'stocks': 1,
 'title': '1017 Alyx 9SM Baseball Cap With Buckle - Black'}
2020-05-10 05:37:53 [scrapy.core.scraper] DEBUG: Scraped from <200 https://kith.com/products/alyx-studio-classic-denim-w-keychain-black.json>
{'image': 'https://cdn.shopify.com/s/files/1/0094/2252/products/AAMDN0001A001-1-BLK-3.jpg?v=1571439034',
 'link': 'https://kith.com/products/alyx-studio-classic-denim-w-keychain-black',
 'price': '484.00',
 'sizes': '{"28": {"sku": "98150070", "stock": 1, "price": "484.00"}, "29": '
          '{"sku": "98150071", "stock": 1, "price": "484.00"}, "30": {"sku": '
          '"98150072", "stock": 1, "price": "484.00"}, "31": {"sku": '
          '"98150073", "stock": 1, "price": "484.00"}, "32": {"sku": '
          '"98150074", "stock": 1, "price": "484.00"}, "33": {"sku": '
          '"98150075", "stock": 1, "price": "484.00"}, "34": {"sku": '
          '"98150076", "stock": 1, "price": "484.00"}, "35": {"sku": '
          '"98150077", "stock": 1, "price": "484.00"}, "36": {"sku": '
          '"98150078", "stock": 1, "price": "484.00"}, "38": {"sku": '
          '"98150079", "stock": 1, "price": "484.00"}, "40": {"sku": '
          '"98150080", "stock": 1, "price": "484.00"}, "42": {"sku": '
          '"98150081", "stock": 1, "price": "484.00"}, "44": {"sku": '
          '"98150082", "stock": 1, "price": "484.00"}}',
 'stocks': 13,
 'title': '1017 ALYX 9SM Classic Denim w Keychain - Black'}
2020-05-10 05:37:55 [scrapy.core.engine] DEBUG: Crawled (200) <GET https://kith.com/products/aauhb0001le03gry0002.json> (referer: https://kith.com/collections/all/products.json)
2020-05-10 05:37:55 [scrapy.core.scraper] DEBUG: Scraped from <200 https://kith.com/products/aauhb0001le03gry0002.json>
{'image': 'https://cdn.shopify.com/s/files/1/0094/2252/products/AAUHB0001LE03GRY0002-1.jpg?v=1576077930',
 'link': 'https://kith.com/products/aauhb0001le03gry0002',
 'price': '1630.00',
 'sizes': '{"Default Title": {"sku": "2300008805019", "stock": 1, "price": '
          '"1630.00"}}',
 'stocks': 1,
 'title': '1017 Alyx 9SM Anna Bag - Silver'}
2020-05-10 05:37:56 [scrapy.core.engine] DEBUG: Crawled (200) <GET https://kith.com/products/aauhb0001le02red0001.json> (referer: https://kith.com/collections/all/products.json)
2020-05-10 05:37:56 [scrapy.core.scraper] DEBUG: Scraped from <200 https://kith.com/products/aauhb0001le02red0001.json>
{'image': 'https://cdn.shopify.com/s/files/1/0094/2252/products/AAUHB0001LE02RED0001-1.jpg?v=1576077894',
 'link': 'https://kith.com/products/aauhb0001le02red0001',
 'price': '1290.00',
 'sizes': '{"Default Title": {"sku": "2300008803015", "stock": 1, "price": '
          '"1290.00"}}',
 'stocks': 1,
 'title': '1017 Alyx 9SM Anna Bag - Red'}
2020-05-10 05:37:57 [scrapy.core.engine] DEBUG: Crawled (200) <GET https://kith.com/products/alyx-studio-flag-in-thorn-hooded-tee-off-white.json> (referer: https://kith.com/collections/all/products.json)
2020-05-10 05:37:57 [scrapy.core.engine] DEBUG: Crawled (200) <GET https://kith.com/products/1017-alyx-9sm-military-shoulder-bag-w-buckle-black.json> (referer: https://kith.com/collections/all/products.json)
2020-05-10 05:37:57 [scrapy.core.scraper] DEBUG: Scraped from <200 https://kith.com/products/alyx-studio-flag-in-thorn-hooded-tee-off-white.json>
{'image': 'https://cdn.shopify.com/s/files/1/0094/2252/products/AAMTS0008A057-57-WHT-4.jpg?v=1571439034',
 'link': 'https://kith.com/products/alyx-studio-flag-in-thorn-hooded-tee-off-white',
 'price': '168.00',
 'sizes': '{"XS": {"sku": "98150092", "stock": 1, "price": "168.00"}, "S": '
          '{"sku": "98150093", "stock": 1, "price": "168.00"}, "M": {"sku": '
          '"98150094", "stock": 1, "price": "168.00"}, "L": {"sku": '
          '"98150095", "stock": 1, "price": "168.00"}, "XL": {"sku": '
          '"98150096", "stock": 1, "price": "168.00"}, "XXL": {"sku": '
          '"98150097", "stock": 1, "price": "168.00"}, "XXXL": {"sku": '
          '"98150098", "stock": 1, "price": "168.00"}}',
 'stocks': 7,
 'title': '1017 ALYX 9SM Flag In Thorn Hooded Tee - Off White'}
2020-05-10 05:37:57 [scrapy.core.scraper] DEBUG: Scraped from <200 https://kith.com/products/1017-alyx-9sm-military-shoulder-bag-w-buckle-black.json>
{'image': 'https://cdn.shopify.com/s/files/1/0094/2252/products/AAUSB0002FA01BLK0001-1.jpg?v=1571439354',
 'link': 'https://kith.com/products/1017-alyx-9sm-military-shoulder-bag-w-buckle-black',
 'price': '280.00',
 'sizes': '{"Default Title": {"sku": "2300008952010", "stock": 1, "price": '
          '"280.00"}}',
 'stocks': 1,
 'title': '1017 Alyx 9SM  Military Shoulder Bag w/ Buckle - Black'}
2020-05-10 05:38:04 [scrapy.core.engine] DEBUG: Crawled (200) <GET https://extrabutterny.com/products/adidas-by-alexander-wang-futureshell-ee9027.json> (referer: https://extrabutterny.com/collections/all/products.json)
2020-05-10 05:38:04 [scrapy.core.scraper] DEBUG: Scraped from <200 https://extrabutterny.com/products/adidas-by-alexander-wang-futureshell-ee9027.json>
{'image': 'https://cdn.shopify.com/s/files/1/0236/4333/products/EE9027--ws-1.jpg?v=1558883086',
 'link': 'https://extrabutterny.com/products/adidas-by-alexander-wang-futureshell-ee9027',
 'price': '125.00',
 'sizes': '{"5": {"sku": "EE9027-5", "stock": 1, "price": "125.00"}, "5.5": '
          '{"sku": "EE9027-5.5", "stock": 1, "price": "125.00"}, "6": {"sku": '
          '"EE9027-6", "stock": 1, "price": "125.00"}, "6.5": {"sku": '
          '"EE9027-6.5", "stock": 1, "price": "125.00"}, "7": {"sku": '
          '"EE9027-7", "stock": 1, "price": "125.00"}, "7.5": {"sku": '
          '"EE9027-7.5", "stock": 1, "price": "125.00"}, "8": {"sku": '
          '"EE9027-8", "stock": 1, "price": "125.00"}, "8.5": {"sku": '
          '"EE9027-8.5", "stock": 1, "price": "125.00"}, "9": {"sku": '
          '"EE9027-9", "stock": 1, "price": "125.00"}, "9.5": {"sku": '
          '"EE9027-9.5", "stock": 1, "price": "125.00"}, "10": {"sku": '
          '"EE9027-10", "stock": 1, "price": "125.00"}, "10.5": {"sku": '
          '"EE9027-10.5", "stock": 1, "price": "125.00"}, "11": {"sku": '
          '"EE9027-11", "stock": 1, "price": "125.00"}, "11.5": {"sku": '
          '"EE9027-11.5", "stock": 1, "price": "125.00"}, "12": {"sku": '
          '"EE9027-12", "stock": 1, "price": "125.00"}}',
 'stocks': 15,
 'title': 'adidas by Alexander Wang Futureshell [EE9027]'}
2020-05-10 05:38:05 [scrapy.core.engine] DEBUG: Crawled (200) <GET https://kith.com/products/1017-alyx-9sm-new-mini-chest-rig-w-buckle-black.json> (referer: https://kith.com/collections/all/products.json)
2020-05-10 05:38:05 [scrapy.core.scraper] DEBUG: Scraped from <200 https://kith.com/products/1017-alyx-9sm-new-mini-chest-rig-w-buckle-black.json>
{'image': 'https://cdn.shopify.com/s/files/1/0094/2252/products/AAUCB0003FA01BLK0001-1.jpg?v=1571439357',
 'link': 'https://kith.com/products/1017-alyx-9sm-new-mini-chest-rig-w-buckle-black',
 'price': '565.00',
 'sizes': '{"Default Title": {"sku": "2300008948013", "stock": 1, "price": '
          '"565.00"}}',
 'stocks': 1,
 'title': '1017 Alyx 9SM New Mini Chest Rig w/ Buckle - Black'}
2020-05-10 05:38:05 [scrapy.core.engine] DEBUG: Crawled (200) <GET https://kith.com/products/1017-alyx-9sm-baseball-cap-w-nylon-buckle-black.json> (referer: https://kith.com/collections/all/products.json)
2020-05-10 05:38:06 [scrapy.core.scraper] DEBUG: Scraped from <200 https://kith.com/products/1017-alyx-9sm-baseball-cap-w-nylon-buckle-black.json>
{'image': 'https://cdn.shopify.com/s/files/1/0094/2252/products/AAUHA0003FA01BLK000-1.jpg?v=1571439340',
 'link': 'https://kith.com/products/1017-alyx-9sm-baseball-cap-w-nylon-buckle-black',
 'price': '145.00',
 'sizes': '{"Default Title": {"sku": "2300008659018", "stock": 1, "price": '
          '"145.00"}}',
 'stocks': 1,
 'title': '1017 ALYX 9SM Baseball Cap w/ Nylon Buckle - Black'}
2020-05-10 05:38:06 [scrapy.core.engine] INFO: Closing spider (finished)
2020-05-10 05:38:06 [scrapy.extensions.feedexport] INFO: Stored json feed (60 items) in: shopify.json
2020-05-10 05:38:06 [scrapy.statscollectors] INFO: Dumping Scrapy stats:
{'downloader/exception_count': 1,
 'downloader/exception_type_count/twisted.internet.error.TimeoutError': 1,
 'downloader/request_bytes': 20176,
 'downloader/request_count': 63,
 'downloader/request_method_count/GET': 63,
 'downloader/response_bytes': 225953,
 'downloader/response_count': 62,
 'downloader/response_status_count/200': 62,
 'elapsed_time_seconds': 86.920836,
 'finish_reason': 'finished',
 'finish_time': datetime.datetime(2020, 5, 9, 21, 38, 6, 74689),
 'item_scraped_count': 60,
 'log_count/DEBUG': 123,
 'log_count/INFO': 12,
 'memusage/max': 51761152,
 'memusage/startup': 47411200,
 'request_depth_max': 1,
 'response_received_count': 62,
 'retry/count': 1,
 'retry/reason_count/twisted.internet.error.TimeoutError': 1,
 'scheduler/dequeued': 63,
 'scheduler/dequeued/memory': 63,
 'scheduler/enqueued': 63,
 'scheduler/enqueued/memory': 63,
 'start_time': datetime.datetime(2020, 5, 9, 21, 36, 39, 153853)}
2020-05-10 05:38:06 [scrapy.core.engine] INFO: Spider closed (finished)
